DAQmx Functions being used:

DAQmx 2017 | DAQmxBase 2015

DAQmxFailed  | DAQmxFailed
DAQmxGetExtendedErrorInfo | DAQmxBaseGetExtendedErrorInfo
DAQmxStopTask | DAQmxBaseStopTask
DAQmxClearTask | DAQmxBaseClearTask
DAQmxResetDevice | DAQmxBaseResetDevice 
DAQmxCreateTask | DAQmxBaseCreateTask
DAQmxCreateAIVoltageChan | DAQmxBaseCreateAIVoltageChan 
DAQmxCfgSampClkTiming | DAQmxBaseCfgSampClkTiming
DAQmxReadAnalogF64 | DAQmxBaseReadAnalogF64 



DAQmx Variables being used:
DAQmx_Val_Diff
DAQmx_Val_Volts
DAQmx_Val_Rising
DAQmx_Val_ContSamps
DAQmx_Val_GroupByChannel



Files:
#include "C:\Program Files (x86)\National Instruments 18\NI-DAQ\DAQmx ANSI C Dev\include\NIDAQmx.h"
#pragma comment(lib, "NIDAQmx.lib")